<?xml version="1.0" encoding="UTF-8"?>
<!-- Generated by org.testng.reporters.JUnitXMLReporter -->
<testsuite ignored="4" hostname="Invicta-21" failures="0" tests="3" name="Test" time="15.441" errors="0" timestamp="20 Feb 2023 03:19:36 GMT">
  <testcase classname="com.invicta.qa.testcases.login.LoginTest" name="Login" time="6.575"/>
  <testcase classname="com.invicta.qa.testcases.dashboard.DashboardTest" name="Dashboard" time="4.493"/>
  <testcase classname="com.invicta.qa.testcases.sbu.AddSbuFunTest" name="emptyvalidation" time="4.33"/>
  <testcase classname="com.invicta.qa.base.DriverIntialization" name="@AfterSuite closeChrome" time="0.0">
    <ignored/>
  </testcase> <!-- @AfterSuite closeChrome -->
  <testcase classname="com.invicta.qa.base.DriverIntialization" name="@AfterSuite closeChrome" time="0.0">
    <ignored/>
  </testcase> <!-- @AfterSuite closeChrome -->
  <testcase classname="com.invicta.qa.base.DriverIntialization" name="@BeforeSuite main" time="0.0">
    <ignored/>
  </testcase> <!-- @BeforeSuite main -->
  <testcase classname="com.invicta.qa.base.DriverIntialization" name="@BeforeSuite main" time="0.0">
    <ignored/>
  </testcase> <!-- @BeforeSuite main -->
</testsuite> <!-- Test -->
