<?xml version="1.0" encoding="UTF-8"?>
<testng-results ignored="4" total="7" passed="3" failed="0" skipped="0">
  <reporter-output>
  </reporter-output>
  <suite started-at="2023-02-20T03:19:21Z" name="Suite" finished-at="2023-02-20T03:19:36Z" duration-ms="15441">
    <groups>
    </groups>
    <test started-at="2023-02-20T03:19:21Z" name="Test" finished-at="2023-02-20T03:19:36Z" duration-ms="15441">
      <class name="com.invicta.qa.testcases.login.LoginTest">
        <test-method is-config="true" signature="main()[pri:0, instance:com.invicta.qa.testcases.login.LoginTest@5edf2821]" started-at="2023-02-20T03:19:07Z" name="main" finished-at="2023-02-20T03:19:21Z" duration-ms="13617" status="PASS">
          <reporter-output>
          </reporter-output>
        </test-method> <!-- main -->
        <test-method signature="Login()[pri:0, instance:com.invicta.qa.testcases.login.LoginTest@5edf2821]" started-at="2023-02-20T03:19:21Z" name="Login" finished-at="2023-02-20T03:19:28Z" duration-ms="6575" status="PASS">
          <reporter-output>
          </reporter-output>
        </test-method> <!-- Login -->
        <test-method is-config="true" signature="closeChrome()[pri:0, instance:com.invicta.qa.testcases.login.LoginTest@5edf2821]" started-at="2023-02-20T03:19:36Z" name="closeChrome" finished-at="2023-02-20T03:19:37Z" duration-ms="553" status="PASS">
          <reporter-output>
          </reporter-output>
        </test-method> <!-- closeChrome -->
      </class> <!-- com.invicta.qa.testcases.login.LoginTest -->
      <class name="com.invicta.qa.testcases.sbu.AddSbuFunTest">
        <test-method signature="emptyvalidation()[pri:2, instance:com.invicta.qa.testcases.sbu.AddSbuFunTest@7b4acdc2]" started-at="2023-02-20T03:19:32Z" name="emptyvalidation" finished-at="2023-02-20T03:19:36Z" duration-ms="4330" status="PASS">
          <reporter-output>
          </reporter-output>
        </test-method> <!-- emptyvalidation -->
      </class> <!-- com.invicta.qa.testcases.sbu.AddSbuFunTest -->
      <class name="com.invicta.qa.testcases.dashboard.DashboardTest">
        <test-method signature="Dashboard()[pri:0, instance:com.invicta.qa.testcases.dashboard.DashboardTest@4dbad37]" started-at="2023-02-20T03:19:28Z" name="Dashboard" finished-at="2023-02-20T03:19:32Z" duration-ms="4493" status="PASS">
          <reporter-output>
          </reporter-output>
        </test-method> <!-- Dashboard -->
      </class> <!-- com.invicta.qa.testcases.dashboard.DashboardTest -->
    </test> <!-- Test -->
  </suite> <!-- Suite -->
</testng-results>
